<?xml version="1.0" encoding="UTF-8"?>
<!-- Generated by org.testng.reporters.JUnitReportReporter -->
<testsuite skipped="0" hostname="DesignExperts07" name="guru99TestNgTest.EnhancementOfScript" tests="1" failures="0" timestamp="21 Jul 2018 05:53:36 GMT" time="11.544" errors="0">
  <testcase name="testEnhancement" time="11.544" classname="guru99TestNgTest.EnhancementOfScript"/>
</testsuite> <!-- guru99TestNgTest.EnhancementOfScript -->
