<?xml version="1.0" encoding="UTF-8"?>
<!-- Generated by org.testng.reporters.JUnitReportReporter -->
<testsuite skipped="0" hostname="DesignExperts07" name="guru99TestNgTest.InvalidIdAndPassword" tests="1" failures="0" timestamp="21 Jul 2018 09:33:04 GMT" time="11.229" errors="0">
  <testcase name="InvalidUserandPassword" time="11.229" classname="guru99TestNgTest.InvalidIdAndPassword"/>
</testsuite> <!-- guru99TestNgTest.InvalidIdAndPassword -->
